2025-09-29T02:30:33Z: navbar (mobile) -> dev
2025-09-29T02:30:33Z: navbar (mobile) -> server
2025-09-29T02:30:33Z: navbar (mobile) -> www
2025-09-29T02:30:33Z: navbar (desktop) -> dev
2025-09-29T02:30:33Z: navbar (desktop) -> server
2025-09-29T02:30:33Z: navbar (desktop) -> www
2025-09-29T02:35:18Z: navbar (mobile) -> dev
2025-09-29T02:35:18Z: navbar (mobile) -> server
2025-09-29T02:35:18Z: navbar (mobile) -> www
2025-09-29T02:35:18Z: navbar (desktop) -> dev
2025-09-29T02:35:18Z: navbar (desktop) -> server
2025-09-29T02:35:18Z: navbar (desktop) -> www
2025-09-29T02:35:18Z: footer (mobile) -> dev
2025-09-29T02:35:18Z: footer (mobile) -> server
2025-09-29T02:35:18Z: footer (mobile) -> www
2025-09-29T02:35:18Z: footer (desktop) -> dev
2025-09-29T02:35:18Z: footer (desktop) -> server
2025-09-29T02:35:18Z: footer (desktop) -> www
2025-09-29T02:35:18Z: card (mobile) -> dev
2025-09-29T02:35:18Z: card (mobile) -> server
2025-09-29T02:35:18Z: card (mobile) -> www
2025-09-29T02:35:18Z: card (desktop) -> dev
2025-09-29T02:35:18Z: card (desktop) -> server
2025-09-29T02:35:18Z: card (desktop) -> www
2025-09-29T02:35:18Z: svg-card (mobile) -> dev
2025-09-29T02:35:18Z: svg-card (mobile) -> server
2025-09-29T02:35:18Z: svg-card (mobile) -> www
2025-09-29T02:35:18Z: svg-card (desktop) -> dev
2025-09-29T02:35:18Z: svg-card (desktop) -> server
2025-09-29T02:35:18Z: svg-card (desktop) -> www
2025-09-29T02:35:42Z: ticker (mobile) -> dev
2025-09-29T02:35:42Z: ticker (mobile) -> server
2025-09-29T02:35:42Z: ticker (mobile) -> www
2025-09-29T02:37:54Z: svg-card (mobile) -> dev
2025-09-29T02:37:54Z: svg-card (desktop) -> dev
